0 info it worked if it ends with ok
1 verbose cli [ '/usr/bin/nodejs', '/usr/bin/npm', 'init' ]
2 info using npm@3.5.2
3 info using node@v4.2.6
4 silly package data { name: 'apigemas',
4 silly package data   version: '1.0.0',
4 silly package data   main: 'index.js',
4 silly package data   scripts:
4 silly package data    { start: 'nodemon index.js',
4 silly package data      test: 'echo "Error: no test specified" && exit 1' },
4 silly package data   repository: { type: 'git', url: 'https://github.com/DianaValdez/' },
4 silly package data   author: 'Diana Valdez',
4 silly package data   license: 'MIT',
4 silly package data   dependencies:
4 silly package data    { 'body-parser': '^1.18.1',
4 silly package data      express: '^4.15.4',
4 silly package data      mongoose: '^4.11.11' },
4 silly package data   devDependencies: { nodemon: '^1.12.0' },
4 silly package data   description: 'mi api' }
5 info init written successfully
6 verbose stack Error: EACCES: permission denied, open '/home/diana/Miappigemas/package.json'
6 verbose stack     at Error (native)
7 verbose cwd /home/diana/Miappigemas
8 error Linux 4.10.0-33-generic
9 error argv "/usr/bin/nodejs" "/usr/bin/npm" "init"
10 error node v4.2.6
11 error npm  v3.5.2
12 error path /home/diana/Miappigemas/package.json
13 error code EACCES
14 error errno -13
15 error syscall open
16 error Error: EACCES: permission denied, open '/home/diana/Miappigemas/package.json'
16 error     at Error (native)
16 error  { [Error: EACCES: permission denied, open '/home/diana/Miappigemas/package.json']
16 error   errno: -13,
16 error   code: 'EACCES',
16 error   syscall: 'open',
16 error   path: '/home/diana/Miappigemas/package.json' }
17 error Please try running this command again as root/Administrator.
18 verbose exit [ -13, true ]
